Building configuration...

Current configuration : 45439 bytes
!
! Last configuration change at 12:04:40 UTC Fri Apr 23 2021 by cisco
! NVRAM config last updated at 12:04:40 UTC Fri Apr 23 2021 by cisco
!
version 17.3
service timestamps debug datetime msec
service timestamps log datetime msec
service password-encryption
service call-home
platform punt-keepalive disable-kernel-core
!
hostname fiab-b2-sw03
!
!
vrf definition IOTAV_VN
 rd 1:4101
 !
 address-family ipv4
  route-target export 1:4101
  route-target import 1:4101
 exit-address-family
!
vrf definition Mgmt-vrf
 !
 address-family ipv4
 exit-address-family
 !
 address-family ipv6
 exit-address-family
!
vrf definition PROD_VN
 rd 1:4100
 !
 address-family ipv4
  route-target export 1:4100
  route-target import 1:4100
 exit-address-family
!
vrf definition SEC_VN
 rd 1:4099
 !
 address-family ipv4
  route-target export 1:4099
  route-target import 1:4099
 exit-address-family
!
vrf definition UNTRUST_VN
 rd 1:4102
 !
 address-family ipv4
  route-target export 1:4102
  route-target import 1:4102
 exit-address-family
!
no logging console
!
aaa new-model
!
!
aaa authorization exec default local 
!
!
!
!
!
!
aaa session-id common
boot system switch all flash:packages.conf
switch 1 provision c9300-24u
!
!
!
!
ip routing
!
!
!
!
!
ip dhcp relay information option
!
!
!
ip dhcp snooping vlan 1023
ip dhcp snooping
login on-success log
!
!
!
!
!
!
device-sensor filter-list lldp list iseLLDP
 tlv name system-name
 tlv name system-description
 tlv name system-capabilities
!
device-sensor filter-list dhcp list iseDHCP
 option name host-name
 option name parameter-request-list
 option name class-identifier
!
device-sensor filter-list cdp list iseCDP
 tlv name device-name
 tlv name capabilities-type
 tlv name version-type
 tlv name platform-type
device-sensor filter-spec dhcp include list iseDHCP
device-sensor filter-spec lldp include list iseLLDP
device-sensor filter-spec cdp include list iseCDP
device-sensor notify all-changes
!
!
vtp mode transparent
mpls label mode all-vrfs protocol all-afs per-vrf
!
parameter-map type subscriber attribute-to-service BUILTIN_DEVICE_TO_TEMPLATE
 1 map device-type regex "Video-Conference"
  10 interface-template MSP_VC_INTERFACE_TEMPLATE
 2 map device-type regex "Cisco-DMP"
  10 interface-template DMP_INTERFACE_TEMPLATE
 3 map device-type regex "Cisco-TelePresence"
  10 interface-template TP_INTERFACE_TEMPLATE
 4 map device-type regex "Cisco-IP-Camera"
  10 interface-template IP_CAMERA_INTERFACE_TEMPLATE
 5 map device-type regex "Cisco-IP-Phone"
  10 interface-template IP_PHONE_INTERFACE_TEMPLATE
 6 map device-type regex "Surveillance-Camera"
  10 interface-template MSP_CAMERA_INTERFACE_TEMPLATE
 7 map oui eq "00.23.ac"
  10 interface-template DMP_INTERFACE_TEMPLATE
 8 map oui eq "00.0f.44"
  10 interface-template DMP_INTERFACE_TEMPLATE
 60 map device-type regex "Cisco-AIR-AP"
  20 interface-template AP_INTERFACE_TEMPLATE
 70 map device-type regex "Cisco-AIR-LAP"
  20 interface-template LAP_INTERFACE_TEMPLATE
 110 map device-type regex "Cisco-CAT-LAP"
  10 interface-template LAP_INTERFACE_TEMPLATE
!
access-session attributes filter-list list Def_Acct_List
 cdp
 lldp
 dhcp
 http
access-session accounting attributes filter-spec include list Def_Acct_List
access-session interface-template sticky timer 30
access-session acl default passthrough
no device-tracking logging theft
wireless-controller
!
crypto pki trustpoint SLA-TrustPoint
 enrollment pkcs12
 revocation-check crl
!
crypto pki trustpoint TP-self-signed-3605795838
 enrollment selfsigned
 subject-name cn=IOS-Self-Signed-Certificate-3605795838
 revocation-check none
 rsakeypair TP-self-signed-3605795838
!
!
crypto pki certificate chain SLA-TrustPoint
 certificate ca 01
  ***
crypto pki certificate chain TP-self-signed-3605795838
 certificate self-signed 01
  ***
!
!
service-template DefaultCriticalAuthVlan_SRV_TEMPLATE
service-template DefaultCriticalVoice_SRV_TEMPLATE
 voice vlan
service-template DefaultCriticalAccess_SRV_TEMPLATE
 access-group IPV4_CRITICAL_AUTH_ACL
 access-group IPV6_CRITICAL_AUTH_ACL
dot1x system-auth-control
dot1x critical eapol
system mtu 9100
license boot level network-advantage addon dna-advantage
license smart transport off
device classifier
!
!
diagnostic bootup level minimal
!
spanning-tree mode rapid-pvst
spanning-tree extend system-id
memory free low-watermark processor 134384
!
errdisable recovery cause udld
errdisable recovery cause bpduguard
errdisable recovery cause security-violation
errdisable recovery cause channel-misconfig
errdisable recovery cause pagp-flap
errdisable recovery cause dtp-flap
errdisable recovery cause link-flap
errdisable recovery cause sfp-config-mismatch
errdisable recovery cause gbic-invalid
errdisable recovery cause l2ptguard
errdisable recovery cause psecure-violation
errdisable recovery cause port-mode-failure
errdisable recovery cause dhcp-rate-limit
errdisable recovery cause pppoe-ia-rate-limit
errdisable recovery cause mac-limit
errdisable recovery cause storm-control
errdisable recovery cause inline-power
errdisable recovery cause arp-inspection
errdisable recovery cause link-monitor-failure
errdisable recovery cause oam-remote-failure
errdisable recovery cause loopback
errdisable recovery cause psp
errdisable recovery cause mrp-miscabling
errdisable recovery cause loopdetect
username admin privilege 15 secret 9 $14$Z4ZY$6Ys7gwV/wHRQME$GlIvclfyibYINWZDZDEn0/MBKUJHiU5MKw.aYsNGR6.
username cisco privilege 15 secret 9 $14$8WPb$38UKX2jiIrp2RE$LQDSGMNXlsciqnZJzdDHyesSlubIau8toJ.ykt9RWHA
!
redundancy
 mode sso
!
!
!
!
!
!
transceiver type all
 monitoring
!
vlan 101 
!
vlan 1023
 name PROD_VN_B2
!
vlan 2046
 name VOICE_VLAN
!
vlan 3001
 name 3001
!
vlan 3002
 name 3002
!
vlan 3003
 name 3003
!
vlan 3004
 name 3004
!
vlan 3005
 name 3005
lldp run
!
class-map type control subscriber match-all AAA_SVR_DOWN_AUTHD_HOST
 match authorization-status authorized
 match result-type aaa-timeout
!
class-map type control subscriber match-all AAA_SVR_DOWN_UNAUTHD_HOST
 match authorization-status unauthorized
 match result-type aaa-timeout
!
class-map type control subscriber match-all AUTHC_SUCCESS-AUTHZ_FAIL
 match authorization-status unauthorized
 match result-type success
!
class-map type control subscriber match-all DOT1X
 match method dot1x
!
class-map type control subscriber match-all DOT1X_FAILED
 match method dot1x
 match result-type method dot1x authoritative
!
class-map type control subscriber match-all DOT1X_MEDIUM_PRIO
 match authorizing-method-priority gt 20
!
class-map type control subscriber match-all DOT1X_NO_RESP
 match method dot1x
 match result-type method dot1x agent-not-found
!
class-map type control subscriber match-all DOT1X_TIMEOUT
 match method dot1x
 match result-type method dot1x method-timeout
!
class-map type control subscriber match-any IN_CRITICAL_AUTH
 match activated-service-template DefaultCriticalVoice_SRV_TEMPLATE
!
class-map type control subscriber match-any IN_CRITICAL_AUTH_CLOSED_MODE
 match activated-service-template DefaultCriticalAuthVlan_SRV_TEMPLATE
 match activated-service-template DefaultCriticalVoice_SRV_TEMPLATE
!
class-map type control subscriber match-all MAB
 match method mab
!
class-map type control subscriber match-all MAB_FAILED
 match method mab
 match result-type method mab authoritative
!
class-map type control subscriber match-none NOT_IN_CRITICAL_AUTH
 match activated-service-template DefaultCriticalVoice_SRV_TEMPLATE
!
class-map type control subscriber match-none NOT_IN_CRITICAL_AUTH_CLOSED_MODE
 match activated-service-template DefaultCriticalAuthVlan_SRV_TEMPLATE
 match activated-service-template DefaultCriticalVoice_SRV_TEMPLATE
!
!
class-map match-any system-cpp-police-ewlc-control
  description EWLC Control 
class-map match-any system-cpp-police-topology-control
  description Topology control
class-map match-any system-cpp-police-sw-forward
  description Sw forwarding, L2 LVX data packets, LOGGING, Transit Traffic
class-map match-any system-cpp-default
  description EWLC Data, Inter FED Traffic 
class-map match-any system-cpp-police-sys-data
  description Openflow, Exception, EGR Exception, NFL Sampled Data, RPF Failed
class-map match-any system-cpp-police-punt-webauth
  description Punt Webauth
class-map match-any system-cpp-police-l2lvx-control
  description L2 LVX control packets
class-map match-any system-cpp-police-forus
  description Forus Address resolution and Forus traffic
class-map match-any system-cpp-police-multicast-end-station
  description MCAST END STATION
class-map match-any system-cpp-police-high-rate-app
  description High Rate Applications 
class-map match-any system-cpp-police-multicast
  description MCAST Data
class-map match-any system-cpp-police-l2-control
  description L2 control
class-map match-any system-cpp-police-dot1x-auth
  description DOT1X Auth
class-map match-any system-cpp-police-data
  description ICMP redirect, ICMP_GEN and BROADCAST
class-map match-any system-cpp-police-stackwise-virt-control
  description Stackwise Virtual OOB
class-map match-any system-cpp-police-routing-control
  description Routing control and Low Latency
class-map match-any system-cpp-police-protocol-snooping
  description Protocol snooping
class-map match-any system-cpp-police-dhcp-snooping
  description DHCP snooping
class-map match-any system-cpp-police-ios-routing
  description L2 control, Topology control, Routing control, Low Latency
class-map match-any system-cpp-police-system-critical
  description System Critical and Gold Pkt
class-map match-any system-cpp-police-ios-feature
  description ICMPGEN,BROADCAST,ICMP,L2LVXCntrl,ProtoSnoop,PuntWebauth,MCASTData,Transit,DOT1XAuth,Swfwd,LOGGING,L2LVXData,ForusTraffic,ForusARP,McastEndStn,Openflow,Exception,EGRExcption,NflSampled,RpfFailed
!
!
policy-map type control subscriber PMAP_DefaultWiredDot1xClosedAuth_1X_MAB
 event session-started match-all
  10 class always do-until-failure
   10 authenticate using dot1x retries 2 retry-time 0 priority 10
 event authentication-failure match-first
  5 class DOT1X_FAILED do-until-failure
   10 terminate dot1x
   20 authenticate using mab priority 20
  10 class AAA_SVR_DOWN_UNAUTHD_HOST do-until-failure
   10 activate service-template DefaultCriticalAuthVlan_SRV_TEMPLATE
   20 activate service-template DefaultCriticalVoice_SRV_TEMPLATE
   30 authorize
   40 pause reauthentication
  20 class AAA_SVR_DOWN_AUTHD_HOST do-until-failure
   10 pause reauthentication
   20 authorize
  30 class DOT1X_NO_RESP do-until-failure
   10 terminate dot1x
   20 authenticate using mab priority 20
  40 class MAB_FAILED do-until-failure
   10 terminate mab
   20 authentication-restart 60
  50 class DOT1X_TIMEOUT do-until-failure
   10 terminate dot1x
   20 authenticate using mab priority 20
  60 class always do-until-failure
   10 terminate dot1x
   20 terminate mab
   30 authentication-restart 60
 event aaa-available match-all
  10 class IN_CRITICAL_AUTH_CLOSED_MODE do-until-failure
   10 clear-session
  20 class NOT_IN_CRITICAL_AUTH_CLOSED_MODE do-until-failure
   10 resume reauthentication
 event agent-found match-all
  10 class always do-until-failure
   10 terminate mab
   20 authenticate using dot1x retries 2 retry-time 0 priority 10
 event inactivity-timeout match-all
  10 class always do-until-failure
   10 clear-session
 event authentication-success match-all
 event violation match-all
  10 class always do-until-failure
   10 restrict
 event authorization-failure match-all
  10 class AUTHC_SUCCESS-AUTHZ_FAIL do-until-failure
   10 authentication-restart 60
!
policy-map type control subscriber PMAP_DefaultWiredDot1xClosedAuth_MAB_1X
 event session-started match-all
  10 class always do-until-failure
   10 authenticate using mab priority 20
 event authentication-failure match-first
  5 class DOT1X_FAILED do-until-failure
   10 terminate dot1x
   20 authentication-restart 60
  10 class AAA_SVR_DOWN_UNAUTHD_HOST do-until-failure
   10 activate service-template DefaultCriticalAuthVlan_SRV_TEMPLATE
   20 activate service-template DefaultCriticalVoice_SRV_TEMPLATE
   30 authorize
   40 pause reauthentication
  20 class AAA_SVR_DOWN_AUTHD_HOST do-until-failure
   10 pause reauthentication
   20 authorize
  30 class MAB_FAILED do-until-failure
   10 terminate mab
   20 authenticate using dot1x retries 2 retry-time 0 priority 10
  40 class DOT1X_NO_RESP do-until-failure
   10 terminate dot1x
   20 authentication-restart 60
  50 class DOT1X_TIMEOUT do-until-failure
   10 terminate dot1x
   20 authenticate using mab priority 20
  60 class always do-until-failure
   10 terminate mab
   20 terminate dot1x
   30 authentication-restart 60
 event aaa-available match-all
  10 class IN_CRITICAL_AUTH_CLOSED_MODE do-until-failure
   10 clear-session
  20 class NOT_IN_CRITICAL_AUTH_CLOSED_MODE do-until-failure
   10 resume reauthentication
 event agent-found match-all
  10 class always do-until-failure
   10 terminate mab
   20 authenticate using dot1x retries 2 retry-time 0 priority 10
 event inactivity-timeout match-all
  10 class always do-until-failure
   10 clear-session
 event authentication-success match-all
 event violation match-all
  10 class always do-until-failure
   10 restrict
 event authorization-failure match-all
  10 class AUTHC_SUCCESS-AUTHZ_FAIL do-until-failure
   10 authentication-restart 60
!
policy-map type control subscriber PMAP_DefaultWiredDot1xLowImpactAuth_1X_MAB
 event session-started match-all
  10 class always do-until-failure
   10 authenticate using dot1x retries 2 retry-time 0 priority 10
 event authentication-failure match-first
  5 class DOT1X_FAILED do-until-failure
   10 terminate dot1x
   20 authenticate using mab priority 20
  10 class AAA_SVR_DOWN_UNAUTHD_HOST do-until-failure
   10 activate service-template DefaultCriticalAuthVlan_SRV_TEMPLATE
   20 activate service-template DefaultCriticalVoice_SRV_TEMPLATE
   25 activate service-template DefaultCriticalAccess_SRV_TEMPLATE
   30 authorize
   40 pause reauthentication
  20 class AAA_SVR_DOWN_AUTHD_HOST do-until-failure
   10 pause reauthentication
   20 authorize
  30 class DOT1X_NO_RESP do-until-failure
   10 terminate dot1x
   20 authenticate using mab priority 20
  40 class MAB_FAILED do-until-failure
   10 terminate mab
   20 authentication-restart 60
  50 class DOT1X_TIMEOUT do-until-failure
   10 terminate dot1x
   20 authenticate using mab priority 20
  60 class always do-until-failure
   10 terminate dot1x
   20 terminate mab
   30 authentication-restart 60
 event aaa-available match-all
  10 class IN_CRITICAL_AUTH do-until-failure
   10 clear-session
  20 class NOT_IN_CRITICAL_AUTH do-until-failure
   10 resume reauthentication
 event agent-found match-all
  10 class always do-until-failure
   10 terminate mab
   20 authenticate using dot1x retries 2 retry-time 0 priority 10
 event inactivity-timeout match-all
  10 class always do-until-failure
   10 clear-session
 event authentication-success match-all
 event violation match-all
  10 class always do-until-failure
   10 restrict
 event authorization-failure match-all
  10 class AUTHC_SUCCESS-AUTHZ_FAIL do-until-failure
   10 authentication-restart 60
!
policy-map type control subscriber PMAP_DefaultWiredDot1xLowImpactAuth_MAB_1X
 event session-started match-all
  10 class always do-until-failure
   10 authenticate using mab priority 20
 event authentication-failure match-first
  5 class DOT1X_FAILED do-until-failure
   10 terminate dot1x
   20 authentication-restart 60
  10 class AAA_SVR_DOWN_UNAUTHD_HOST do-until-failure
   10 activate service-template DefaultCriticalAuthVlan_SRV_TEMPLATE
   20 activate service-template DefaultCriticalVoice_SRV_TEMPLATE
   25 activate service-template DefaultCriticalAccess_SRV_TEMPLATE
   30 authorize
   40 pause reauthentication
  20 class AAA_SVR_DOWN_AUTHD_HOST do-until-failure
   10 pause reauthentication
   20 authorize
  30 class MAB_FAILED do-until-failure
   10 terminate mab
   20 authenticate using dot1x retries 2 retry-time 0 priority 10
  40 class DOT1X_NO_RESP do-until-failure
   10 terminate dot1x
   20 authentication-restart 60
  50 class DOT1X_TIMEOUT do-until-failure
   10 terminate dot1x
   20 authenticate using mab priority 20
  60 class always do-until-failure
   10 terminate mab
   20 terminate dot1x
   30 authentication-restart 60
 event aaa-available match-all
  10 class IN_CRITICAL_AUTH do-until-failure
   10 clear-session
  20 class NOT_IN_CRITICAL_AUTH do-until-failure
   10 resume reauthentication
 event agent-found match-all
  10 class always do-until-failure
   10 terminate mab
   20 authenticate using dot1x retries 2 retry-time 0 priority 10
 event inactivity-timeout match-all
  10 class always do-until-failure
   10 clear-session
 event authentication-success match-all
 event violation match-all
  10 class always do-until-failure
   10 restrict
 event authorization-failure match-all
  10 class AUTHC_SUCCESS-AUTHZ_FAIL do-until-failure
   10 authentication-restart 60
!
policy-map type control subscriber PMAP_DefaultWiredDot1xOpenAuth_1X_MAB
 event session-started match-all
  10 class always do-until-failure
   10 authenticate using dot1x retries 2 retry-time 0 priority 10
 event authentication-failure match-first
  5 class DOT1X_FAILED do-until-failure
   10 terminate dot1x
   20 authenticate using mab priority 20
  10 class AAA_SVR_DOWN_UNAUTHD_HOST do-until-failure
   10 activate service-template DefaultCriticalAuthVlan_SRV_TEMPLATE
   20 activate service-template DefaultCriticalVoice_SRV_TEMPLATE
   30 authorize
   40 pause reauthentication
  20 class AAA_SVR_DOWN_AUTHD_HOST do-until-failure
   10 pause reauthentication
   20 authorize
  30 class DOT1X_NO_RESP do-until-failure
   10 terminate dot1x
   20 authenticate using mab priority 20
  40 class MAB_FAILED do-until-failure
   10 terminate mab
   20 authentication-restart 60
  50 class DOT1X_TIMEOUT do-until-failure
   10 terminate dot1x
   20 authenticate using mab priority 20
  60 class always do-until-failure
   10 terminate dot1x
   20 terminate mab
   30 authentication-restart 60
 event aaa-available match-all
  10 class IN_CRITICAL_AUTH do-until-failure
   10 clear-session
  20 class NOT_IN_CRITICAL_AUTH do-until-failure
   10 resume reauthentication
 event agent-found match-all
  10 class always do-until-failure
   10 terminate mab
   20 authenticate using dot1x retries 2 retry-time 0 priority 10
 event inactivity-timeout match-all
  10 class always do-until-failure
   10 clear-session
 event authentication-success match-all
 event violation match-all
  10 class always do-until-failure
   10 restrict
 event authorization-failure match-all
  10 class AUTHC_SUCCESS-AUTHZ_FAIL do-until-failure
   10 authentication-restart 60
!
policy-map type control subscriber PMAP_DefaultWiredDot1xOpenAuth_MAB_1X
 event session-started match-all
  10 class always do-until-failure
   10 authenticate using mab priority 20
 event authentication-failure match-first
  5 class DOT1X_FAILED do-until-failure
   10 terminate dot1x
   20 authentication-restart 60
  10 class AAA_SVR_DOWN_UNAUTHD_HOST do-until-failure
   10 activate service-template DefaultCriticalAuthVlan_SRV_TEMPLATE
   20 activate service-template DefaultCriticalVoice_SRV_TEMPLATE
   30 authorize
   40 pause reauthentication
  20 class AAA_SVR_DOWN_AUTHD_HOST do-until-failure
   10 pause reauthentication
   20 authorize
  30 class MAB_FAILED do-until-failure
   10 terminate mab
   20 authenticate using dot1x retries 2 retry-time 0 priority 10
  40 class DOT1X_NO_RESP do-until-failure
   10 terminate dot1x
   20 authentication-restart 60
  50 class DOT1X_TIMEOUT do-until-failure
   10 terminate dot1x
   20 authenticate using mab priority 20
  60 class always do-until-failure
   10 terminate mab
   20 terminate dot1x
   30 authentication-restart 60
 event aaa-available match-all
  10 class IN_CRITICAL_AUTH do-until-failure
   10 clear-session
  20 class NOT_IN_CRITICAL_AUTH do-until-failure
   10 resume reauthentication
 event agent-found match-all
  10 class always do-until-failure
   10 terminate mab
   20 authenticate using dot1x retries 2 retry-time 0 priority 10
 event inactivity-timeout match-all
  10 class always do-until-failure
   10 clear-session
 event authentication-success match-all
 event violation match-all
  10 class always do-until-failure
   10 restrict
 event authorization-failure match-all
  10 class AUTHC_SUCCESS-AUTHZ_FAIL do-until-failure
   10 authentication-restart 60
!
policy-map system-cpp-policy
!
! 
!
!
!
!
!
!
!
!
!
autoconf enable
!
template AP_INTERFACE_TEMPLATE
 switchport mode trunk
 switchport nonegotiate
 switchport port-security maximum 3
 switchport port-security maximum 2 vlan access
 switchport port-security violation restrict
 switchport port-security aging time 2
 switchport port-security aging type inactivity
 switchport port-security
 service-policy input AutoConf-4.0-Trust-Cos-Input-Policy
 service-policy output AutoConf-4.0-Output-Policy
!
template DMP_INTERFACE_TEMPLATE
 spanning-tree portfast
 spanning-tree bpduguard enable
 switchport mode access
 switchport block unicast
 switchport port-security maximum 3
 switchport port-security maximum 2 vlan access
 switchport port-security violation restrict
 switchport port-security aging time 2
 switchport port-security aging type inactivity
 switchport port-security
 service-policy input AutoConf-4.0-Trust-Dscp-Input-Policy
 service-policy output AutoConf-4.0-Output-Policy
!
template DefaultWiredDot1xClosedAuth
 dot1x pae authenticator
 dot1x timeout supp-timeout 7
 dot1x max-req 3
 switchport mode access
 switchport voice vlan 2046
 mab
 access-session closed
 access-session port-control auto
 authentication periodic
 authentication timer reauthenticate server
 service-policy type control subscriber PMAP_DefaultWiredDot1xClosedAuth_1X_MAB
!
template DefaultWiredDot1xLowImpactAuth
 dot1x pae authenticator
 dot1x timeout supp-timeout 7
 dot1x max-req 3
 switchport mode access
 switchport voice vlan 2046
 mab
 access-session port-control auto
 authentication periodic
 authentication timer reauthenticate server
 service-policy type control subscriber PMAP_DefaultWiredDot1xLowImpactAuth_1X_MAB
!
template DefaultWiredDot1xOpenAuth
 dot1x pae authenticator
 dot1x timeout supp-timeout 7
 dot1x max-req 3
 switchport mode access
 switchport voice vlan 2046
 mab
 access-session port-control auto
 authentication periodic
 authentication timer reauthenticate server
 service-policy type control subscriber PMAP_DefaultWiredDot1xOpenAuth_1X_MAB
!
template IP_CAMERA_INTERFACE_TEMPLATE
 spanning-tree portfast
 spanning-tree bpduguard enable
 switchport mode access
 switchport block unicast
 switchport port-security maximum 3
 switchport port-security maximum 2 vlan access
 switchport port-security violation restrict
 switchport port-security aging time 2
 switchport port-security aging type inactivity
 switchport port-security
 service-policy input AutoConf-4.0-Trust-Dscp-Input-Policy
 service-policy output AutoConf-4.0-Output-Policy
!
template IP_PHONE_INTERFACE_TEMPLATE
 storm-control broadcast level pps 1k
 storm-control multicast level pps 2k
 storm-control action trap
 spanning-tree portfast
 spanning-tree bpduguard enable
 switchport mode access
 switchport block unicast
 switchport port-security maximum 3
 switchport port-security maximum 2 vlan access
 switchport port-security violation restrict
 switchport port-security aging time 2
 switchport port-security aging type inactivity
 switchport port-security
 service-policy input AutoConf-4.0-CiscoPhone-Input-Policy
 service-policy output AutoConf-4.0-Output-Policy
 load-interval 30
 ip dhcp snooping limit rate 15
!
template LAP_INTERFACE_TEMPLATE
 storm-control broadcast level pps 1k
 storm-control multicast level pps 2k
 storm-control action trap
 spanning-tree portfast
 spanning-tree bpduguard enable
 switchport mode access
 switchport block unicast
 switchport port-security violation protect
 switchport port-security aging time 2
 switchport port-security aging type inactivity
 switchport port-security
 load-interval 30
 ip dhcp snooping limit rate 15
!
template TP_INTERFACE_TEMPLATE
 storm-control broadcast level pps 1k
 storm-control multicast level pps 2k
 storm-control action trap
 spanning-tree portfast
 spanning-tree bpduguard enable
 switchport mode access
 switchport port-security maximum 3
 switchport port-security maximum 2 vlan access
 switchport port-security violation restrict
 switchport port-security aging time 2
 switchport port-security aging type inactivity
 switchport port-security
 service-policy input AutoConf-4.0-Trust-Dscp-Input-Policy
 service-policy output AutoConf-4.0-Output-Policy
 load-interval 30
 ip dhcp snooping limit rate 15
!
!
interface Loopback0
 ip address 10.20.255.20 255.255.255.255
 ip mtu 1518
!
interface LISP0
!
interface LISP0.4097
!
interface LISP0.4099
!
interface LISP0.4100
!
interface LISP0.4101
!
interface LISP0.4102
!
interface GigabitEthernet0/0
 vrf forwarding Mgmt-vrf
 ip address 10.3.0.123 255.255.255.0
 negotiation auto
!
interface GigabitEthernet1/0/1
!
interface GigabitEthernet1/0/2
!
interface GigabitEthernet1/0/3
!
interface GigabitEthernet1/0/4
!
interface GigabitEthernet1/0/5
!
interface GigabitEthernet1/0/6
!
interface GigabitEthernet1/0/7
!
interface GigabitEthernet1/0/8
!
interface GigabitEthernet1/0/9
!
interface GigabitEthernet1/0/10
!
interface GigabitEthernet1/0/11
!
interface GigabitEthernet1/0/12
!
interface GigabitEthernet1/0/13
!
interface GigabitEthernet1/0/14
!
interface GigabitEthernet1/0/15
!
interface GigabitEthernet1/0/16
!
interface GigabitEthernet1/0/17
!
interface GigabitEthernet1/0/18
!
interface GigabitEthernet1/0/19
!
interface GigabitEthernet1/0/20
!
interface GigabitEthernet1/0/21
!
interface GigabitEthernet1/0/22
!
interface GigabitEthernet1/0/23
!
interface GigabitEthernet1/0/24
 description transit-to-cedge
 switchport mode trunk
 ip access-group 101 out
!
interface GigabitEthernet1/1/1
!
interface GigabitEthernet1/1/2
!
interface GigabitEthernet1/1/3
!
interface GigabitEthernet1/1/4
!
interface TenGigabitEthernet1/1/1
!
interface TenGigabitEthernet1/1/2
!
interface TenGigabitEthernet1/1/3
!
interface TenGigabitEthernet1/1/4
!
interface TenGigabitEthernet1/1/5
!
interface TenGigabitEthernet1/1/6
!
interface TenGigabitEthernet1/1/7
!
interface TenGigabitEthernet1/1/8
!
interface FortyGigabitEthernet1/1/1
!
interface FortyGigabitEthernet1/1/2
!
interface TwentyFiveGigE1/1/1
!
interface TwentyFiveGigE1/1/2
!
interface AppGigabitEthernet1/0/1
!
interface Vlan1
 no ip address
!
interface Vlan101
 ip address 10.20.2.1 255.255.255.252
!
interface Vlan1023
 description Configured from Cisco DNA-Center
 mac-address 0000.0c9f.f7eb
 vrf forwarding PROD_VN
 ip address 10.20.11.1 255.255.255.128
 ip helper-address 10.2.11.12
 no ip redirects
 ip route-cache same-interface
 no lisp mobility liveness test
 lisp mobility PROD_VN_B2-IPV4
 no autostate
!
interface Vlan3001
 description vrf interface to External router
 ip address 10.20.5.1 255.255.255.252
 no ip redirects
 ip route-cache same-interface
!
interface Vlan3002
 description vrf interface to External router
 vrf forwarding PROD_VN
 ip address 10.20.5.5 255.255.255.252
 no ip redirects
 ip route-cache same-interface
!
interface Vlan3003
 description vrf interface to External router
 vrf forwarding IOTAV_VN
 ip address 10.20.5.9 255.255.255.252
 no ip redirects
 ip route-cache same-interface
!
interface Vlan3004
 description vrf interface to External router
 vrf forwarding SEC_VN
 ip address 10.20.5.13 255.255.255.252
 no ip redirects
 ip route-cache same-interface
!
interface Vlan3005
 description vrf interface to External router
 vrf forwarding UNTRUST_VN
 ip address 10.20.5.17 255.255.255.252
 no ip redirects
 ip route-cache same-interface
!
router lisp
 locator-table default
 locator-set WLC
  10.20.255.20
  exit-locator-set
 !
 locator-set rloc_0a9ff7e5-bfd9-4310-8c4e-38b3b66826e0
  IPv4-interface Loopback0 priority 10 weight 10
  auto-discover-rlocs
  exit-locator-set
 !
 service ipv4
  encapsulation vxlan
  itr map-resolver 10.20.255.20
  etr map-server 10.20.255.20 key 7 06510E2248165A
  etr map-server 10.20.255.20 proxy-reply
  etr
  sgt
  no map-cache away-eids send-map-request
  proxy-etr
  proxy-itr 10.20.255.20
  map-server
  map-resolver
  exit-service-ipv4
 !
 service ethernet
  itr map-resolver 10.20.255.20
  itr
  etr map-server 10.20.255.20 key 7 025105580F5E5C
  etr map-server 10.20.255.20 proxy-reply
  etr
  map-server
  map-resolver
  exit-service-ethernet
 !
 instance-id 4097
  remote-rloc-probe on-route-change
  service ipv4
   eid-table default
   route-export site-registrations
   distance site-registrations 250
   map-cache site-registration
   exit-service-ipv4
  !
  exit-instance-id
 !
 instance-id 4099
  remote-rloc-probe on-route-change
  service ipv4
   eid-table vrf SEC_VN
   route-export site-registrations
   distance site-registrations 250
   map-cache site-registration
   exit-service-ipv4
  !
  exit-instance-id
 !
 instance-id 4100
  remote-rloc-probe on-route-change
  dynamic-eid PROD_VN_B2-IPV4
   database-mapping 10.20.11.0/25 locator-set rloc_0a9ff7e5-bfd9-4310-8c4e-38b3b66826e0
   exit-dynamic-eid
  !
  service ipv4
   eid-table vrf PROD_VN
   route-export site-registrations
   distance site-registrations 250
   map-cache site-registration
   exit-service-ipv4
  !
  exit-instance-id
 !
 instance-id 4101
  remote-rloc-probe on-route-change
  service ipv4
   eid-table vrf IOTAV_VN
   route-export site-registrations
   distance site-registrations 250
   map-cache site-registration
   exit-service-ipv4
  !
  exit-instance-id
 !
 instance-id 4102
  remote-rloc-probe on-route-change
  service ipv4
   eid-table vrf UNTRUST_VN
   route-export site-registrations
   distance site-registrations 250
   map-cache site-registration
   exit-service-ipv4
  !
  exit-instance-id
 !
 instance-id 8190
  remote-rloc-probe on-route-change
  service ethernet
   eid-table vlan 1023
   database-mapping mac locator-set rloc_0a9ff7e5-bfd9-4310-8c4e-38b3b66826e0
   exit-service-ethernet
  !
  exit-instance-id
 !
 map-server session passive-open WLC
 site site_uci
  description map-server configured from Cisco DNA-Center
  authentication-key 7 0758204F4A514A
  eid-record instance-id 4100 10.20.11.0/25 accept-more-specifics
  eid-record instance-id 8190 any-mac
  exit-site
 !
 ipv4 locator reachability exclude-default
 ipv4 source-locator Loopback0
 exit-router-lisp
!
router bgp 65031
 bgp router-id interface Loopback0
 bgp log-neighbor-changes
 bgp graceful-restart
 neighbor 10.20.5.2 remote-as 65000
 neighbor 10.20.5.2 update-source Vlan3001
 !
 address-family ipv4
  bgp aggregate-timer 0
  network 10.20.255.20 mask 255.255.255.255
  redistribute lisp metric 10
  neighbor 10.20.5.2 activate
  neighbor 10.20.5.2 weight 65535
  neighbor 10.20.5.2 advertisement-interval 0
 exit-address-family
 !
 address-family ipv4 vrf IOTAV_VN
  bgp aggregate-timer 0
  network 10.20.5.8 mask 255.255.255.252
  redistribute lisp metric 10
  neighbor 10.20.5.10 remote-as 65000
  neighbor 10.20.5.10 update-source Vlan3003
  neighbor 10.20.5.10 activate
  neighbor 10.20.5.10 weight 65535
 exit-address-family
 !
 address-family ipv4 vrf PROD_VN
  bgp aggregate-timer 0
  network 10.20.5.4 mask 255.255.255.252
  network 10.20.11.0 mask 255.255.255.128
  aggregate-address 10.20.11.0 255.255.255.128 summary-only
  redistribute lisp metric 10
  neighbor 10.20.5.6 remote-as 65000
  neighbor 10.20.5.6 update-source Vlan3002
  neighbor 10.20.5.6 activate
  neighbor 10.20.5.6 weight 65535
 exit-address-family
 !
 address-family ipv4 vrf SEC_VN
  bgp aggregate-timer 0
  network 10.20.5.12 mask 255.255.255.252
  redistribute lisp metric 10
  neighbor 10.20.5.14 remote-as 65000
  neighbor 10.20.5.14 update-source Vlan3004
  neighbor 10.20.5.14 activate
  neighbor 10.20.5.14 weight 65535
 exit-address-family
 !
 address-family ipv4 vrf UNTRUST_VN
  bgp aggregate-timer 0
  network 10.20.5.16 mask 255.255.255.252
  redistribute lisp metric 10
  neighbor 10.20.5.18 remote-as 65000
  neighbor 10.20.5.18 update-source Vlan3005
  neighbor 10.20.5.18 activate
  neighbor 10.20.5.18 weight 65535
 exit-address-family
!
no ip forward-protocol nd
no ip http server
no ip http secure-server
ip http client source-interface Loopback0
ip route 0.0.0.0 0.0.0.0 10.20.2.2
ip route vrf Mgmt-vrf 10.3.255.0 255.255.255.0 10.3.0.1
ip ssh source-interface Loopback0
ip ssh version 2
!
ip community-list 1 permit 655370
!
ip access-list extended IPV4_CRITICAL_AUTH_ACL
 10 permit ip any any
ip access-list extended IPV4_PRE_AUTH_ACL
 10 permit udp any any eq bootps
 20 permit udp any any eq bootpc
 30 permit udp any any eq domain
 40 deny   ip any any
!
!
!
ip prefix-list deny_0.0.0.0 seq 10 permit 0.0.0.0/0
!
ip prefix-list l3handoff-prefixes seq 473207300 permit 10.20.5.0/30
ip prefix-list l3handoff-prefixes seq 473355268 permit 10.20.5.4/30
ip prefix-list l3handoff-prefixes seq 473503236 permit 10.20.5.8/30
ip prefix-list l3handoff-prefixes seq 492776068 permit 10.20.5.12/30
ip prefix-list l3handoff-prefixes seq 492924036 permit 10.20.5.16/30
!
route-map deny_0.0.0.0 deny 25 
 match ip address prefix-list deny_0.0.0.0
!
route-map deny_0.0.0.0 permit 30 
!
!
snmp-server community public RO
snmp-server community private RW
snmp-server enable traps snmp authentication linkdown linkup coldstart warmstart
snmp-server enable traps flowmon
snmp-server enable traps entity-perf throughput-notif
snmp-server enable traps call-home message-send-fail server-fail
snmp-server enable traps tty
snmp-server enable traps ospf state-change
snmp-server enable traps ospf errors
snmp-server enable traps ospf retransmit
snmp-server enable traps ospf lsa
snmp-server enable traps ospf cisco-specific state-change nssa-trans-change
snmp-server enable traps ospf cisco-specific state-change shamlink interface
snmp-server enable traps ospf cisco-specific state-change shamlink neighbor
snmp-server enable traps ospf cisco-specific errors
snmp-server enable traps ospf cisco-specific retransmit
snmp-server enable traps ospf cisco-specific lsa
snmp-server enable traps eigrp
snmp-server enable traps auth-framework sec-violation
snmp-server enable traps rep
snmp-server enable traps vtp
snmp-server enable traps vlancreate
snmp-server enable traps vlandelete
snmp-server enable traps port-security
snmp-server enable traps license
snmp-server enable traps smart-license
snmp-server enable traps cpu threshold
snmp-server enable traps memory bufferpeak
snmp-server enable traps stackwise
snmp-server enable traps udld link-fail-rpt
snmp-server enable traps udld status-change
snmp-server enable traps fru-ctrl
snmp-server enable traps flash insertion removal lowspace
snmp-server enable traps energywise
snmp-server enable traps power-ethernet group 1 threshold 80
snmp-server enable traps power-ethernet police
snmp-server enable traps entity
snmp-server enable traps pw vc
snmp-server enable traps mvpn
snmp-server enable traps envmon
snmp-server enable traps cef resource-failure peer-state-change peer-fib-state-change inconsistency
snmp-server enable traps lisp
snmp-server enable traps isis
snmp-server enable traps ipsla
snmp-server enable traps entity-diag boot-up-fail hm-test-recover hm-thresh-reached scheduled-test-fail
snmp-server enable traps bfd
snmp-server enable traps ike policy add
snmp-server enable traps ike policy delete
snmp-server enable traps ike tunnel start
snmp-server enable traps ike tunnel stop
snmp-server enable traps ipsec cryptomap add
snmp-server enable traps ipsec cryptomap delete
snmp-server enable traps ipsec cryptomap attach
snmp-server enable traps ipsec cryptomap detach
snmp-server enable traps ipsec tunnel start
snmp-server enable traps ipsec tunnel stop
snmp-server enable traps ipsec too-many-sas
snmp-server enable traps config-copy
snmp-server enable traps config
snmp-server enable traps config-ctid
snmp-server enable traps dhcp
snmp-server enable traps event-manager
snmp-server enable traps hsrp
snmp-server enable traps ipmulticast
snmp-server enable traps msdp
snmp-server enable traps ospfv3 state-change
snmp-server enable traps ospfv3 errors
snmp-server enable traps pim neighbor-change rp-mapping-change invalid-pim-message
snmp-server enable traps bridge newroot topologychange
snmp-server enable traps stpx inconsistency root-inconsistency loop-inconsistency
snmp-server enable traps syslog
snmp-server enable traps bgp cbgp2
snmp-server enable traps nhrp nhs
snmp-server enable traps nhrp nhc
snmp-server enable traps nhrp nhp
snmp-server enable traps nhrp quota-exceeded
snmp-server enable traps mpls rfc ldp
snmp-server enable traps mpls ldp
snmp-server enable traps mpls rfc traffic-eng
snmp-server enable traps mpls traffic-eng
snmp-server enable traps mpls fast-reroute protected
snmp-server enable traps local-auth
snmp-server enable traps vlan-membership
snmp-server enable traps errdisable
snmp-server enable traps rf
snmp-server enable traps transceiver all
snmp-server enable traps bulkstat collection transfer
snmp-server enable traps mac-notification change move threshold
snmp-server enable traps vrfmib vrf-up vrf-down vnet-trunk-up vnet-trunk-down
snmp-server enable traps mpls vpn
snmp-server enable traps mpls rfc vpn
!
!
!
ipv6 access-list IPV6_CRITICAL_AUTH_ACL
 sequence 10 permit ipv6 any any
!
ipv6 access-list IPV6_PRE_AUTH_ACL
 sequence 10 permit udp any any eq bootps
 sequence 20 permit udp any any eq bootpc
 sequence 30 permit udp any any eq domain
 sequence 40 deny ipv6 any any
!
control-plane
 service-policy input system-cpp-policy
!
cts role-based enforcement vlan-list 1023
!
line con 0
 exec-timeout 0 0
 stopbits 1
line vty 0 4
 session-timeout 360 
 exec-timeout 360 0
 privilege level 15
 password 7 047802150C2E1D1C5A58
 transport input all
 transport output all
line vty 5 15
 session-timeout 360 
 exec-timeout 360 0
 privilege level 15
 password 7 047802150C2E1D1C5A58
 transport input all
 transport output all
line vty 16 31
 transport input all
!
!
!
!
!
!
!
netconf-yang
wireless aaa policy default-aaa-policy
wireless cts-sxp profile default-sxp-profile
wireless management interface Loopback0
wireless profile airtime-fairness default-atf-policy 0
wireless profile flex default-flex-profile
 description "default flex profile"
wireless profile mesh default-mesh-profile
 description "default mesh profile"
wireless profile policy default-policy-profile
 description "default policy profile"
wireless profile policy lab-corp_Global_F_1f8d2b8a
 aaa-override
 accounting-list dnac-cts-lab-corp-74f0f7cd
 no central dhcp
 no central switching
 description lab-corp_Global_F_1f8d2b8a
 dhcp-tlv-caching
 exclusionlist timeout 180
 http-tlv-caching
 service-policy input platinum-up
 service-policy output platinum
wireless tag site default-site-tag
 description "default site tag"
wireless tag policy default-policy-tag
 description "default policy-tag"
wireless tag rf default-rf-tag
 description "default RF tag"
wireless fabric
wireless fabric name PROD_VN_B2 l2-vnid 8190 control-plane-name default-control-plane
wireless fabric control-plane default-control-plane
 ip address 10.20.255.20 key 0 cec458
wlan lab-corp_Global_F_1f8d2b8a 17 lab-corp
 security ft over-the-ds
 security dot1x authentication-list dnac-cts-list
network-assurance na-certificate PROTOCOL_HTTP 10.7.16.18 /ca/ pem
ap dot11 24ghz rf-profile Low_Client_Density_rf_24gh
 coverage data rssi threshold -90
 coverage level 2
 coverage voice rssi threshold -90
 description "pre configured Low Client Density rfprofile for 2.4gh radio"
 high-density rx-sop threshold low
 rate RATE_12M supported
 rate RATE_24M supported
 rate RATE_6M supported
 tx-power v1 threshold -65
 no shutdown
ap dot11 24ghz rf-profile High_Client_Density_rf_24gh
 description "pre configured High Client Density rfprofile for 2.4gh radio"
 high-density rx-sop threshold medium
 rate RATE_11M disable
 rate RATE_12M mandatory
 rate RATE_1M disable
 rate RATE_24M supported
 rate RATE_2M disable
 rate RATE_5_5M disable
 rate RATE_6M disable
 tx-power min 7
 no shutdown
ap dot11 24ghz rf-profile Typical_Client_Density_rf_24gh
 description "pre configured Typical Client Density rfprofile for 2.4gh radio"
 rate RATE_11M disable
 rate RATE_12M mandatory
 rate RATE_1M disable
 rate RATE_24M supported
 rate RATE_2M disable
 rate RATE_5_5M disable
 rate RATE_6M disable
 no shutdown
ap dot11 24ghz rate RATE_12M supported
ap dot11 24ghz rate RATE_24M supported
ap dot11 24ghz rate RATE_6M supported
ap dot11 5ghz rf-profile Low_Client_Density_rf_5gh
 coverage data rssi threshold -90
 coverage level 2
 coverage voice rssi threshold -90
 description "pre configured Low Client Density rfprofile for 5gh radio"
 high-density rx-sop threshold low
 rate RATE_12M mandatory
 rate RATE_24M mandatory
 rate RATE_6M mandatory
 tx-power v1 threshold -60
 no shutdown
ap dot11 5ghz rf-profile High_Client_Density_rf_5gh
 description "pre configured High Client Density rfprofile for 5gh radio"
 high-density rx-sop threshold medium
 rate RATE_12M mandatory
 rate RATE_24M mandatory
 rate RATE_6M disable
 rate RATE_9M disable
 tx-power min 7
 tx-power v1 threshold -65
 no shutdown
ap dot11 5ghz rf-profile Typical_Client_Density_rf_5gh
 description "pre configured Typical Density rfprofile for 5gh radio"
 rate RATE_12M mandatory
 rate RATE_24M mandatory
 rate RATE_6M mandatory
 no shutdown
ap dot11 5ghz rate RATE_12M mandatory
ap dot11 5ghz rate RATE_24M mandatory
ap dot11 5ghz rate RATE_6M mandatory
ap country CA
ap profile default-ap-profile
 description "default ap profile"
end
